<?xml version="1.0" encoding="UTF-8"?>
<testsuite xmlns:xsi="http://www.w3.org/2001/XMLSchema-instance" xsi:noNamespaceSchemaLocation="https://maven.apache.org/surefire/maven-surefire-plugin/xsd/surefire-test-report.xsd" name="it.mikeslab.util.LanguageTest" time="0.072" tests="1" errors="0" skipped="0" failures="1">
  <properties>
    <property name="java.specification.version" value="16"/>
    <property name="sun.cpu.isalist" value="amd64"/>
    <property name="sun.jnu.encoding" value="Cp1252"/>
    <property name="java.class.path" value="C:\Users\andre\IdeaProjects\MinecraftBank\target\test-classes;C:\Users\andre\IdeaProjects\MinecraftBank\target\classes;C:\Users\andre\.m2\repository\com\github\MilkBowl\VaultAPI\1.7\VaultAPI-1.7.jar;C:\Users\andre\.m2\repository\org\bukkit\bukkit\1.13.1-R0.1-SNAPSHOT\bukkit-1.13.1-R0.1-SNAPSHOT.jar;C:\Users\andre\.m2\repository\fr\minuskube\inv\smart-invs\1.2.7\smart-invs-1.2.7.jar;C:\Users\andre\.m2\repository\org\spigotmc\spigot-api\1.13-R0.1-SNAPSHOT\spigot-api-1.13-R0.1-SNAPSHOT.jar;C:\Users\andre\.m2\repository\commons-lang\commons-lang\2.6\commons-lang-2.6.jar;C:\Users\andre\.m2\repository\com\googlecode\json-simple\json-simple\1.1.1\json-simple-1.1.1.jar;C:\Users\andre\.m2\repository\junit\junit\4.10\junit-4.10.jar;C:\Users\andre\.m2\repository\org\hamcrest\hamcrest-core\1.1\hamcrest-core-1.1.jar;C:\Users\andre\.m2\repository\com\google\guava\guava\21.0\guava-21.0.jar;C:\Users\andre\.m2\repository\com\google\code\gson\gson\2.8.0\gson-2.8.0.jar;C:\Users\andre\.m2\repository\org\yaml\snakeyaml\1.21\snakeyaml-1.21.jar;C:\Users\andre\.m2\repository\net\md-5\bungeecord-chat\1.13-SNAPSHOT\bungeecord-chat-1.13-SNAPSHOT.jar;C:\Users\andre\.m2\repository\org\projectlombok\lombok\1.18.26\lombok-1.18.26.jar;C:\Users\andre\.m2\repository\net\kyori\adventure-text-minimessage\4.12.0\adventure-text-minimessage-4.12.0.jar;C:\Users\andre\.m2\repository\net\kyori\adventure-api\4.12.0\adventure-api-4.12.0.jar;C:\Users\andre\.m2\repository\net\kyori\adventure-key\4.12.0\adventure-key-4.12.0.jar;C:\Users\andre\.m2\repository\net\kyori\examination-api\1.3.0\examination-api-1.3.0.jar;C:\Users\andre\.m2\repository\net\kyori\examination-string\1.3.0\examination-string-1.3.0.jar;C:\Users\andre\.m2\repository\org\jetbrains\annotations\23.0.0\annotations-23.0.0.jar;C:\Users\andre\.m2\repository\net\kyori\adventure-platform-bukkit\4.2.0\adventure-platform-bukkit-4.2.0.jar;C:\Users\andre\.m2\repository\net\kyori\adventure-platform-api\4.2.0\adventure-platform-api-4.2.0.jar;C:\Users\andre\.m2\repository\net\kyori\adventure-text-serializer-bungeecord\4.2.0\adventure-text-serializer-bungeecord-4.2.0.jar;C:\Users\andre\.m2\repository\net\kyori\adventure-text-serializer-legacy\4.12.0\adventure-text-serializer-legacy-4.12.0.jar;C:\Users\andre\.m2\repository\net\kyori\adventure-nbt\4.12.0\adventure-nbt-4.12.0.jar;C:\Users\andre\.m2\repository\net\kyori\adventure-text-serializer-gson\4.12.0\adventure-text-serializer-gson-4.12.0.jar;C:\Users\andre\.m2\repository\net\kyori\adventure-text-serializer-gson-legacy-impl\4.12.0\adventure-text-serializer-gson-legacy-impl-4.12.0.jar;C:\Users\andre\.m2\repository\net\kyori\adventure-platform-facet\4.2.0\adventure-platform-facet-4.2.0.jar;C:\Users\andre\.m2\repository\net\kyori\adventure-platform-viaversion\4.2.0\adventure-platform-viaversion-4.2.0.jar;C:\Users\andre\.m2\repository\co\aikar\acf-bukkit\0.5.1-SNAPSHOT\acf-bukkit-0.5.1-SNAPSHOT.jar;C:\Users\andre\.m2\repository\com\github\ben-manes\caffeine\caffeine\3.1.6\caffeine-3.1.6.jar;C:\Users\andre\.m2\repository\org\checkerframework\checker-qual\3.33.0\checker-qual-3.33.0.jar;C:\Users\andre\.m2\repository\com\google\errorprone\error_prone_annotations\2.18.0\error_prone_annotations-2.18.0.jar;C:\Users\andre\.m2\repository\org\junit\jupiter\junit-jupiter-api\5.8.2\junit-jupiter-api-5.8.2.jar;C:\Users\andre\.m2\repository\org\opentest4j\opentest4j\1.2.0\opentest4j-1.2.0.jar;C:\Users\andre\.m2\repository\org\junit\platform\junit-platform-commons\1.8.2\junit-platform-commons-1.8.2.jar;C:\Users\andre\.m2\repository\org\apiguardian\apiguardian-api\1.1.2\apiguardian-api-1.1.2.jar;C:\Users\andre\.m2\repository\org\junit\jupiter\junit-jupiter-engine\5.8.2\junit-jupiter-engine-5.8.2.jar;C:\Users\andre\.m2\repository\org\junit\platform\junit-platform-engine\1.8.2\junit-platform-engine-1.8.2.jar;C:\Users\andre\.m2\repository\org\mockito\mockito-core\4.2.0\mockito-core-4.2.0.jar;C:\Users\andre\.m2\repository\net\bytebuddy\byte-buddy\1.12.4\byte-buddy-1.12.4.jar;C:\Users\andre\.m2\repository\net\bytebuddy\byte-buddy-agent\1.12.4\byte-buddy-agent-1.12.4.jar;C:\Users\andre\.m2\repository\org\objenesis\objenesis\3.2\objenesis-3.2.jar;"/>
    <property name="java.vm.vendor" value="Amazon.com Inc."/>
    <property name="sun.arch.data.model" value="64"/>
    <property name="user.variant" value=""/>
    <property name="java.vendor.url" value="https://aws.amazon.com/corretto/"/>
    <property name="user.timezone" value="Europe/Berlin"/>
    <property name="os.name" value="Windows 10"/>
    <property name="java.vm.specification.version" value="16"/>
    <property name="sun.java.launcher" value="SUN_STANDARD"/>
    <property name="user.country" value="US"/>
    <property name="sun.boot.library.path" value="C:\Users\andre\.jdks\corretto-16.0.2\bin"/>
    <property name="sun.java.command" value="C:\Users\andre\AppData\Local\Temp\surefire7519395835293603313\surefirebooter5493884680254542799.jar C:\Users\andre\AppData\Local\Temp\surefire7519395835293603313 2023-04-09T16-50-01_403-jvmRun1 surefire17353414625789043419tmp surefire_015009302506160002703tmp"/>
    <property name="jdk.debug" value="release"/>
    <property name="surefire.test.class.path" value="C:\Users\andre\IdeaProjects\MinecraftBank\target\test-classes;C:\Users\andre\IdeaProjects\MinecraftBank\target\classes;C:\Users\andre\.m2\repository\com\github\MilkBowl\VaultAPI\1.7\VaultAPI-1.7.jar;C:\Users\andre\.m2\repository\org\bukkit\bukkit\1.13.1-R0.1-SNAPSHOT\bukkit-1.13.1-R0.1-SNAPSHOT.jar;C:\Users\andre\.m2\repository\fr\minuskube\inv\smart-invs\1.2.7\smart-invs-1.2.7.jar;C:\Users\andre\.m2\repository\org\spigotmc\spigot-api\1.13-R0.1-SNAPSHOT\spigot-api-1.13-R0.1-SNAPSHOT.jar;C:\Users\andre\.m2\repository\commons-lang\commons-lang\2.6\commons-lang-2.6.jar;C:\Users\andre\.m2\repository\com\googlecode\json-simple\json-simple\1.1.1\json-simple-1.1.1.jar;C:\Users\andre\.m2\repository\junit\junit\4.10\junit-4.10.jar;C:\Users\andre\.m2\repository\org\hamcrest\hamcrest-core\1.1\hamcrest-core-1.1.jar;C:\Users\andre\.m2\repository\com\google\guava\guava\21.0\guava-21.0.jar;C:\Users\andre\.m2\repository\com\google\code\gson\gson\2.8.0\gson-2.8.0.jar;C:\Users\andre\.m2\repository\org\yaml\snakeyaml\1.21\snakeyaml-1.21.jar;C:\Users\andre\.m2\repository\net\md-5\bungeecord-chat\1.13-SNAPSHOT\bungeecord-chat-1.13-SNAPSHOT.jar;C:\Users\andre\.m2\repository\org\projectlombok\lombok\1.18.26\lombok-1.18.26.jar;C:\Users\andre\.m2\repository\net\kyori\adventure-text-minimessage\4.12.0\adventure-text-minimessage-4.12.0.jar;C:\Users\andre\.m2\repository\net\kyori\adventure-api\4.12.0\adventure-api-4.12.0.jar;C:\Users\andre\.m2\repository\net\kyori\adventure-key\4.12.0\adventure-key-4.12.0.jar;C:\Users\andre\.m2\repository\net\kyori\examination-api\1.3.0\examination-api-1.3.0.jar;C:\Users\andre\.m2\repository\net\kyori\examination-string\1.3.0\examination-string-1.3.0.jar;C:\Users\andre\.m2\repository\org\jetbrains\annotations\23.0.0\annotations-23.0.0.jar;C:\Users\andre\.m2\repository\net\kyori\adventure-platform-bukkit\4.2.0\adventure-platform-bukkit-4.2.0.jar;C:\Users\andre\.m2\repository\net\kyori\adventure-platform-api\4.2.0\adventure-platform-api-4.2.0.jar;C:\Users\andre\.m2\repository\net\kyori\adventure-text-serializer-bungeecord\4.2.0\adventure-text-serializer-bungeecord-4.2.0.jar;C:\Users\andre\.m2\repository\net\kyori\adventure-text-serializer-legacy\4.12.0\adventure-text-serializer-legacy-4.12.0.jar;C:\Users\andre\.m2\repository\net\kyori\adventure-nbt\4.12.0\adventure-nbt-4.12.0.jar;C:\Users\andre\.m2\repository\net\kyori\adventure-text-serializer-gson\4.12.0\adventure-text-serializer-gson-4.12.0.jar;C:\Users\andre\.m2\repository\net\kyori\adventure-text-serializer-gson-legacy-impl\4.12.0\adventure-text-serializer-gson-legacy-impl-4.12.0.jar;C:\Users\andre\.m2\repository\net\kyori\adventure-platform-facet\4.2.0\adventure-platform-facet-4.2.0.jar;C:\Users\andre\.m2\repository\net\kyori\adventure-platform-viaversion\4.2.0\adventure-platform-viaversion-4.2.0.jar;C:\Users\andre\.m2\repository\co\aikar\acf-bukkit\0.5.1-SNAPSHOT\acf-bukkit-0.5.1-SNAPSHOT.jar;C:\Users\andre\.m2\repository\com\github\ben-manes\caffeine\caffeine\3.1.6\caffeine-3.1.6.jar;C:\Users\andre\.m2\repository\org\checkerframework\checker-qual\3.33.0\checker-qual-3.33.0.jar;C:\Users\andre\.m2\repository\com\google\errorprone\error_prone_annotations\2.18.0\error_prone_annotations-2.18.0.jar;C:\Users\andre\.m2\repository\org\junit\jupiter\junit-jupiter-api\5.8.2\junit-jupiter-api-5.8.2.jar;C:\Users\andre\.m2\repository\org\opentest4j\opentest4j\1.2.0\opentest4j-1.2.0.jar;C:\Users\andre\.m2\repository\org\junit\platform\junit-platform-commons\1.8.2\junit-platform-commons-1.8.2.jar;C:\Users\andre\.m2\repository\org\apiguardian\apiguardian-api\1.1.2\apiguardian-api-1.1.2.jar;C:\Users\andre\.m2\repository\org\junit\jupiter\junit-jupiter-engine\5.8.2\junit-jupiter-engine-5.8.2.jar;C:\Users\andre\.m2\repository\org\junit\platform\junit-platform-engine\1.8.2\junit-platform-engine-1.8.2.jar;C:\Users\andre\.m2\repository\org\mockito\mockito-core\4.2.0\mockito-core-4.2.0.jar;C:\Users\andre\.m2\repository\net\bytebuddy\byte-buddy\1.12.4\byte-buddy-1.12.4.jar;C:\Users\andre\.m2\repository\net\bytebuddy\byte-buddy-agent\1.12.4\byte-buddy-agent-1.12.4.jar;C:\Users\andre\.m2\repository\org\objenesis\objenesis\3.2\objenesis-3.2.jar;"/>
    <property name="sun.cpu.endian" value="little"/>
    <property name="user.home" value="C:\Users\andre"/>
    <property name="user.language" value="en"/>
    <property name="java.specification.vendor" value="Oracle Corporation"/>
    <property name="java.version.date" value="2021-07-20"/>
    <property name="java.home" value="C:\Users\andre\.jdks\corretto-16.0.2"/>
    <property name="file.separator" value="\"/>
    <property name="basedir" value="C:\Users\andre\IdeaProjects\MinecraftBank"/>
    <property name="java.vm.compressedOopsMode" value="Zero based"/>
    <property name="line.separator" value="&#10;"/>
    <property name="java.vm.specification.vendor" value="Oracle Corporation"/>
    <property name="java.specification.name" value="Java Platform API Specification"/>
    <property name="surefire.real.class.path" value="C:\Users\andre\AppData\Local\Temp\surefire7519395835293603313\surefirebooter5493884680254542799.jar"/>
    <property name="user.script" value=""/>
    <property name="sun.management.compiler" value="HotSpot 64-Bit Tiered Compilers"/>
    <property name="java.runtime.version" value="16.0.2+7"/>
    <property name="user.name" value="Andrew"/>
    <property name="path.separator" value=";"/>
    <property name="os.version" value="10.0"/>
    <property name="java.runtime.name" value="OpenJDK Runtime Environment"/>
    <property name="file.encoding" value="Cp1252"/>
    <property name="java.vm.name" value="OpenJDK 64-Bit Server VM"/>
    <property name="java.vendor.version" value="Corretto-16.0.2.7.1"/>
    <property name="localRepository" value="C:\Users\andre\.m2\repository"/>
    <property name="java.vendor.url.bug" value="https://github.com/corretto/corretto-jdk/issues/"/>
    <property name="java.io.tmpdir" value="C:\Users\andre\AppData\Local\Temp\"/>
    <property name="idea.version" value="2022.2.3"/>
    <property name="java.version" value="16.0.2"/>
    <property name="user.dir" value="C:\Users\andre\IdeaProjects\MinecraftBank"/>
    <property name="os.arch" value="amd64"/>
    <property name="java.vm.specification.name" value="Java Virtual Machine Specification"/>
    <property name="sun.os.patch.level" value=""/>
    <property name="java.library.path" value="C:\Users\andre\.jdks\corretto-16.0.2\bin;C:\Windows\Sun\Java\bin;C:\Windows\system32;C:\Windows;C:\Program Files\Java\jdk-17.0.4.1\bin;C:\Program Files (x86)\NVIDIA Corporation\PhysX\Common;C:\Program Files (x86)\Common Files\Intel\Shared Libraries\redist\intel64\compiler;C:\Program Files\Eclipse Adoptium\jdk-8.0.312.7-hotspot\bin;C:\Program Files (x86)\Common Files\Oracle\Java\javapath;C:\Windows\system32;C:\Windows;C:\Windows\System32\Wbem;C:\Windows\System32\WindowsPowerShell\v1.0\;C:\Windows\System32\OpenSSH\;C:\Program Files\Microsoft VS Code\bin;C:\Program Files\Git\cmd;D:\Programs (D)\WorldPainter\WorldPainter;E:\Programs (E)\Putty\;C:\Program Files\GitHub CLI\;C:\Users\andre\AppData\Local\Microsoft\WindowsApps;D:\Programs (D)\Nmap;C:\Users\andre\AppData\Local\Programs\mongosh\;."/>
    <property name="java.vm.info" value="mixed mode, sharing"/>
    <property name="java.vendor" value="Amazon.com Inc."/>
    <property name="java.vm.version" value="16.0.2+7"/>
    <property name="sun.io.unicode.encoding" value="UnicodeLittle"/>
    <property name="java.class.version" value="60.0"/>
  </properties>
  <testcase name="testGet" classname="it.mikeslab.util.LanguageTest" time="0.066">
    <failure message="expected: &lt;ciao&gt; but was: &lt;null&gt;" type="org.opentest4j.AssertionFailedError"><![CDATA[org.opentest4j.AssertionFailedError: expected: <ciao> but was: <null>
	at it.mikeslab.util.LanguageTest.testGet(LanguageTest.java:15)
]]></failure>
  </testcase>
</testsuite>